mode: set
github.com/AdrianaMeyer/BootcampGo-API/internal/products/repository.go:32.48,36.2 1 1
github.com/AdrianaMeyer/BootcampGo-API/internal/products/repository.go:38.50,42.16 3 1
github.com/AdrianaMeyer/BootcampGo-API/internal/products/repository.go:42.16,44.4 1 1
github.com/AdrianaMeyer/BootcampGo-API/internal/products/repository.go:46.5,46.25 1 1
github.com/AdrianaMeyer/BootcampGo-API/internal/products/repository.go:50.44,54.16 3 1
github.com/AdrianaMeyer/BootcampGo-API/internal/products/repository.go:54.16,56.3 1 1
github.com/AdrianaMeyer/BootcampGo-API/internal/products/repository.go:58.2,58.24 1 1
github.com/AdrianaMeyer/BootcampGo-API/internal/products/repository.go:58.24,60.3 1 1
github.com/AdrianaMeyer/BootcampGo-API/internal/products/repository.go:62.2,63.28 2 0
github.com/AdrianaMeyer/BootcampGo-API/internal/products/repository.go:67.147,71.16 3 1
github.com/AdrianaMeyer/BootcampGo-API/internal/products/repository.go:71.16,73.3 1 0
github.com/AdrianaMeyer/BootcampGo-API/internal/products/repository.go:75.2,79.16 4 1
github.com/AdrianaMeyer/BootcampGo-API/internal/products/repository.go:79.16,81.3 1 0
github.com/AdrianaMeyer/BootcampGo-API/internal/products/repository.go:83.2,83.15 1 1
github.com/AdrianaMeyer/BootcampGo-API/internal/products/repository.go:87.136,91.16 3 1
github.com/AdrianaMeyer/BootcampGo-API/internal/products/repository.go:91.16,93.3 1 0
github.com/AdrianaMeyer/BootcampGo-API/internal/products/repository.go:95.2,98.26 3 1
github.com/AdrianaMeyer/BootcampGo-API/internal/products/repository.go:98.26,99.27 1 1
github.com/AdrianaMeyer/BootcampGo-API/internal/products/repository.go:99.27,105.18 5 1
github.com/AdrianaMeyer/BootcampGo-API/internal/products/repository.go:105.18,107.5 1 0
github.com/AdrianaMeyer/BootcampGo-API/internal/products/repository.go:109.4,109.18 1 1
github.com/AdrianaMeyer/BootcampGo-API/internal/products/repository.go:113.2,113.14 1 1
github.com/AdrianaMeyer/BootcampGo-API/internal/products/repository.go:113.14,115.3 1 1
github.com/AdrianaMeyer/BootcampGo-API/internal/products/repository.go:117.2,117.15 1 1
github.com/AdrianaMeyer/BootcampGo-API/internal/products/repository.go:121.94,124.16 3 1
github.com/AdrianaMeyer/BootcampGo-API/internal/products/repository.go:124.16,126.3 1 0
github.com/AdrianaMeyer/BootcampGo-API/internal/products/repository.go:128.2,130.26 3 1
github.com/AdrianaMeyer/BootcampGo-API/internal/products/repository.go:130.26,131.27 1 1
github.com/AdrianaMeyer/BootcampGo-API/internal/products/repository.go:131.27,136.18 4 1
github.com/AdrianaMeyer/BootcampGo-API/internal/products/repository.go:136.18,138.5 1 0
github.com/AdrianaMeyer/BootcampGo-API/internal/products/repository.go:140.4,141.19 2 1
github.com/AdrianaMeyer/BootcampGo-API/internal/products/repository.go:144.2,144.14 1 1
github.com/AdrianaMeyer/BootcampGo-API/internal/products/repository.go:144.14,146.3 1 1
github.com/AdrianaMeyer/BootcampGo-API/internal/products/repository.go:147.2,147.15 1 1
github.com/AdrianaMeyer/BootcampGo-API/internal/products/repository.go:151.44,154.16 3 1
github.com/AdrianaMeyer/BootcampGo-API/internal/products/repository.go:154.16,156.3 1 0
github.com/AdrianaMeyer/BootcampGo-API/internal/products/repository.go:158.2,160.26 3 1
github.com/AdrianaMeyer/BootcampGo-API/internal/products/repository.go:160.26,161.27 1 1
github.com/AdrianaMeyer/BootcampGo-API/internal/products/repository.go:161.27,166.18 4 1
github.com/AdrianaMeyer/BootcampGo-API/internal/products/repository.go:166.18,168.5 1 0
github.com/AdrianaMeyer/BootcampGo-API/internal/products/repository.go:170.4,170.18 1 1
github.com/AdrianaMeyer/BootcampGo-API/internal/products/repository.go:174.2,174.14 1 1
github.com/AdrianaMeyer/BootcampGo-API/internal/products/repository.go:174.14,176.3 1 1
github.com/AdrianaMeyer/BootcampGo-API/internal/products/repository.go:178.2,178.12 1 1
github.com/AdrianaMeyer/BootcampGo-API/internal/products/service.go:23.41,27.2 1 1
github.com/AdrianaMeyer/BootcampGo-API/internal/products/service.go:29.47,31.16 2 1
github.com/AdrianaMeyer/BootcampGo-API/internal/products/service.go:31.16,33.3 1 1
github.com/AdrianaMeyer/BootcampGo-API/internal/products/service.go:35.2,35.24 1 1
github.com/AdrianaMeyer/BootcampGo-API/internal/products/service.go:35.24,37.3 1 0
github.com/AdrianaMeyer/BootcampGo-API/internal/products/service.go:39.2,39.22 1 1
github.com/AdrianaMeyer/BootcampGo-API/internal/products/service.go:42.136,45.16 2 1
github.com/AdrianaMeyer/BootcampGo-API/internal/products/service.go:45.16,47.3 1 1
github.com/AdrianaMeyer/BootcampGo-API/internal/products/service.go:49.2,52.16 3 1
github.com/AdrianaMeyer/BootcampGo-API/internal/products/service.go:52.16,54.3 1 0
github.com/AdrianaMeyer/BootcampGo-API/internal/products/service.go:56.2,56.21 1 1
github.com/AdrianaMeyer/BootcampGo-API/internal/products/service.go:60.133,64.2 1 1
github.com/AdrianaMeyer/BootcampGo-API/internal/products/service.go:66.91,70.3 1 1
github.com/AdrianaMeyer/BootcampGo-API/internal/products/service.go:72.40,76.2 1 1
github.com/AdrianaMeyer/BootcampGo-API/pkg/store/file.go:21.51,22.15 1 0
github.com/AdrianaMeyer/BootcampGo-API/pkg/store/file.go:23.16,24.30 1 0
github.com/AdrianaMeyer/BootcampGo-API/pkg/store/file.go:26.2,26.12 1 0
github.com/AdrianaMeyer/BootcampGo-API/pkg/store/file.go:29.52,31.19 2 0
github.com/AdrianaMeyer/BootcampGo-API/pkg/store/file.go:31.19,33.6 1 0
github.com/AdrianaMeyer/BootcampGo-API/pkg/store/file.go:34.5,34.53 1 0
github.com/AdrianaMeyer/BootcampGo-API/pkg/store/file.go:37.51,39.16 2 0
github.com/AdrianaMeyer/BootcampGo-API/pkg/store/file.go:39.16,41.3 1 0
github.com/AdrianaMeyer/BootcampGo-API/pkg/store/file.go:42.2,42.36 1 0
github.com/AdrianaMeyer/BootcampGo-API/tests/mocks/product_mock_delete.go:15.60,17.2 1 1
github.com/AdrianaMeyer/BootcampGo-API/tests/mocks/product_mock_delete.go:19.59,39.2 6 1
github.com/AdrianaMeyer/BootcampGo-API/tests/mocks/product_mock_update.go:15.60,17.2 1 1
github.com/AdrianaMeyer/BootcampGo-API/tests/mocks/product_mock_update.go:19.59,39.2 6 1
github.com/AdrianaMeyer/BootcampGo-API/tests/mocks/product_mock_updateNamePrice.go:15.69,17.2 1 1
github.com/AdrianaMeyer/BootcampGo-API/tests/mocks/product_mock_updateNamePrice.go:19.68,39.2 6 1
github.com/AdrianaMeyer/BootcampGo-API/tests/mocks/product_stub.go:14.54,16.2 1 0
github.com/AdrianaMeyer/BootcampGo-API/tests/mocks/product_stub.go:18.53,46.2 5 1
github.com/AdrianaMeyer/BootcampGo-API/tests/mocks/product_stub_error.go:10.59,12.2 1 0
github.com/AdrianaMeyer/BootcampGo-API/tests/mocks/product_stub_error.go:13.58,15.2 1 1
github.com/AdrianaMeyer/BootcampGo-API/tests/mocks/product_stub_save.go:12.58,14.2 1 1
github.com/AdrianaMeyer/BootcampGo-API/tests/mocks/product_stub_save.go:15.57,19.2 3 1
github.com/AdrianaMeyer/BootcampGo-API/tests/mocks/product_stub_save_error.go:10.63,12.2 1 0
github.com/AdrianaMeyer/BootcampGo-API/tests/mocks/product_stub_save_error.go:13.62,15.2 1 1
